<?xml version="1.0" encoding="UTF-8"?>
<!-- Generated by org.testng.reporters.JUnitReportReporter -->
<testsuite hostname="ENCDAPPUNLT0737" failures="0" tests="3" name="charushilaprojects.tests.SubmitOrderTest" time="100.140" errors="0" timestamp="2025-03-17T00:27:23 IST" skipped="0">
  <testcase classname="charushilaprojects.tests.SubmitOrderTest" name="OrderHistoryTest" time="7.942"/>
  <testcase classname="charushilaprojects.tests.SubmitOrderTest" name="submitOrder" time="42.592"/>
  <testcase classname="charushilaprojects.tests.SubmitOrderTest" name="submitOrder" time="49.606"/>
</testsuite> <!-- charushilaprojects.tests.SubmitOrderTest -->
