<?xml version="1.0" encoding="UTF-8"?>
<!-- Generated by org.testng.reporters.JUnitReportReporter -->
<testsuite hostname="ENCDAPPUNLT0737" failures="0" tests="1" name="cucumber.TestNGTestRunner" time="37.364" errors="0" timestamp="2025-03-23T01:04:56 IST" skipped="0">
  <testcase classname="cucumber.TestNGTestRunner" name="runScenario" time="37.364"/>
</testsuite> <!-- cucumber.TestNGTestRunner -->
