<?xml version="1.0" encoding="UTF-8"?>
<!-- Generated by org.testng.reporters.JUnitReportReporter -->
<testsuite hostname="ENCDAPPUNLT0737" failures="0" tests="3" name="charushilaprojects.tests.SubmitOrderTest" time="74.501" errors="0" timestamp="2025-03-23T10:50:08 IST" skipped="0">
  <testcase classname="charushilaprojects.tests.SubmitOrderTest" name="submitOrder" time="31.220"/>
  <testcase classname="charushilaprojects.tests.SubmitOrderTest" name="OrderHistoryTest" time="5.425"/>
  <testcase classname="charushilaprojects.tests.SubmitOrderTest" name="submitOrder" time="37.856"/>
</testsuite> <!-- charushilaprojects.tests.SubmitOrderTest -->
